  ConsoleApplication1.cpp
\\udrive.ad.psu.edu\users\b\v\bvp5361\Desktop\ConsoleApplication1\ConsoleApplication1\ConsoleApplication1.cpp(90,77): warning C4267: 'argument': conversion from 'size_t' to '_Ty', possible loss of data
\\udrive.ad.psu.edu\users\b\v\bvp5361\Desktop\ConsoleApplication1\ConsoleApplication1\ConsoleApplication1.cpp(90,77): warning C4267:         with
\\udrive.ad.psu.edu\users\b\v\bvp5361\Desktop\ConsoleApplication1\ConsoleApplication1\ConsoleApplication1.cpp(90,77): warning C4267:         [
\\udrive.ad.psu.edu\users\b\v\bvp5361\Desktop\ConsoleApplication1\ConsoleApplication1\ConsoleApplication1.cpp(90,77): warning C4267:             _Ty=int
\\udrive.ad.psu.edu\users\b\v\bvp5361\Desktop\ConsoleApplication1\ConsoleApplication1\ConsoleApplication1.cpp(90,77): warning C4267:         ]
\\udrive.ad.psu.edu\users\b\v\bvp5361\Desktop\ConsoleApplication1\ConsoleApplication1\ConsoleApplication1.cpp(94,76): warning C4267: 'argument': conversion from 'size_t' to '_Ty', possible loss of data
\\udrive.ad.psu.edu\users\b\v\bvp5361\Desktop\ConsoleApplication1\ConsoleApplication1\ConsoleApplication1.cpp(94,76): warning C4267:         with
\\udrive.ad.psu.edu\users\b\v\bvp5361\Desktop\ConsoleApplication1\ConsoleApplication1\ConsoleApplication1.cpp(94,76): warning C4267:         [
\\udrive.ad.psu.edu\users\b\v\bvp5361\Desktop\ConsoleApplication1\ConsoleApplication1\ConsoleApplication1.cpp(94,76): warning C4267:             _Ty=int
\\udrive.ad.psu.edu\users\b\v\bvp5361\Desktop\ConsoleApplication1\ConsoleApplication1\ConsoleApplication1.cpp(94,76): warning C4267:         ]
\\udrive.ad.psu.edu\users\b\v\bvp5361\Desktop\ConsoleApplication1\ConsoleApplication1\ConsoleApplication1.cpp(208,79): warning C4267: 'argument': conversion from 'size_t' to '_Ty', possible loss of data
\\udrive.ad.psu.edu\users\b\v\bvp5361\Desktop\ConsoleApplication1\ConsoleApplication1\ConsoleApplication1.cpp(208,79): warning C4267:         with
\\udrive.ad.psu.edu\users\b\v\bvp5361\Desktop\ConsoleApplication1\ConsoleApplication1\ConsoleApplication1.cpp(208,79): warning C4267:         [
\\udrive.ad.psu.edu\users\b\v\bvp5361\Desktop\ConsoleApplication1\ConsoleApplication1\ConsoleApplication1.cpp(208,79): warning C4267:             _Ty=int
\\udrive.ad.psu.edu\users\b\v\bvp5361\Desktop\ConsoleApplication1\ConsoleApplication1\ConsoleApplication1.cpp(208,79): warning C4267:         ]
\\udrive.ad.psu.edu\users\b\v\bvp5361\Desktop\ConsoleApplication1\ConsoleApplication1\ConsoleApplication1.cpp(212,78): warning C4267: 'argument': conversion from 'size_t' to '_Ty', possible loss of data
\\udrive.ad.psu.edu\users\b\v\bvp5361\Desktop\ConsoleApplication1\ConsoleApplication1\ConsoleApplication1.cpp(212,78): warning C4267:         with
\\udrive.ad.psu.edu\users\b\v\bvp5361\Desktop\ConsoleApplication1\ConsoleApplication1\ConsoleApplication1.cpp(212,78): warning C4267:         [
\\udrive.ad.psu.edu\users\b\v\bvp5361\Desktop\ConsoleApplication1\ConsoleApplication1\ConsoleApplication1.cpp(212,78): warning C4267:             _Ty=int
\\udrive.ad.psu.edu\users\b\v\bvp5361\Desktop\ConsoleApplication1\ConsoleApplication1\ConsoleApplication1.cpp(212,78): warning C4267:         ]
  ConsoleApplication1.vcxproj -> \\udrive.ad.psu.edu\users\b\v\bvp5361\Desktop\ConsoleApplication1\ConsoleApplication1\x64\Debug\ConsoleApplication1.exe
